* using log directory 'C:/Users/Joe/Documents/GitHub/MachineLearningProjects/neuralnetwork.Rcheck'
* using R version 3.5.2 (2018-12-20)
* using platform: x86_64-w64-mingw32 (64-bit)
* using session charset: ISO8859-1
* using options '--no-manual --as-cran'
* checking for file 'neuralnetwork/DESCRIPTION' ... OK
* checking extension type ... Package
* this is package 'neuralnetwork' version '2019.4.4'
* package encoding: UTF-8
* checking package namespace information ... OK
* checking package dependencies ... OK
* checking if this is a source package ... OK
* checking if there is a namespace ... OK
* checking for executable files ... OK
* checking for hidden files and directories ... OK
* checking for portable file names ... OK
* checking serialization versions ... OK
* checking whether package 'neuralnetwork' can be installed ... OK
* checking installed package size ... OK
* checking package directory ... OK
* checking 'build' directory ... OK
* checking DESCRIPTION meta-information ... OK
* checking top-level files ... OK
* checking for left-over files ... OK
* checking index information ... OK
* checking package subdirectories ... OK
* checking R files for non-ASCII characters ... OK
* checking R files for syntax errors ... OK
* checking whether the package can be loaded ... OK
* checking whether the package can be loaded with stated dependencies ... OK
* checking whether the package can be unloaded cleanly ... OK
* checking whether the namespace can be loaded with stated dependencies ... OK
* checking whether the namespace can be unloaded cleanly ... OK
* checking loading without being on the library search path ... OK
* checking dependencies in R code ... OK
* checking S3 generic/method consistency ... OK
* checking replacement functions ... OK
* checking foreign function calls ... OK
* checking R code for possible problems ... NOTE
NNetEarlyStoppingCV: no visible global function definition for 'head'
NNetIterations: no visible global function definition for 'rnorm'
Undefined global functions or variables:
  head rnorm
Consider adding
  importFrom("stats", "rnorm")
  importFrom("utils", "head")
to your NAMESPACE file.

Found the following calls to data() loading into the global environment:
File 'neuralnetwork/R/demoProject3.R':
  data(ozone, package = "ElemStatLearn")
See section 'Good practice' in '?data'.
* checking Rd files ... OK
* checking Rd metadata ... OK
* checking Rd line widths ... NOTE
Rd file 'NNetEarlyStoppingCV.Rd':
  \examples lines wider than 100 characters:
     neuralnetwork::NNetEarlyStoppingCV(x.mat=x.mat,y.vec=y.vec,fold.vec=fold.vec,max.iterations=max.iterations,step.size=step.size,n.hidden ... [TRUNCATED]

These lines will be truncated in the PDF manual.
* checking Rd cross-references ... OK
* checking for missing documentation entries ... OK
* checking for code/documentation mismatches ... OK
* checking Rd \usage sections ... OK
* checking Rd contents ... OK
* checking for unstated dependencies in examples ... OK
* checking installed files from 'inst/doc' ... OK
* checking files in 'vignettes' ... OK
* checking examples ... OK
* checking for unstated dependencies in 'tests' ... OK
* checking tests ... OK
  Running 'testthat.R'
* checking for unstated dependencies in vignettes ... NOTE
'library' or 'require' call not declared from: 'gridExtra'
* checking package vignettes in 'inst/doc' ... OK
* checking re-building of vignette outputs ... WARNING
Error in re-building vignettes:
  ...
Quitting from lines 26-60 (report.rmd) 
Error: processing vignette 'report.rmd' failed with diagnostics:
there is no package called 'gridExtra'
Execution halted

* DONE
Status: 1 WARNING, 3 NOTEs
